<?xml version="1.0" encoding="UTF-8"?>
<testng-results ignored="0" total="1" passed="1" failed="0" skipped="0">
  <reporter-output>
  </reporter-output>
  <suite started-at="2025-05-10T00:16:32 IST" name="Default suite" finished-at="2025-05-10T00:16:49 IST" duration-ms="17095">
    <groups>
    </groups>
    <test started-at="2025-05-10T00:16:32 IST" name="Default test" finished-at="2025-05-10T00:16:49 IST" duration-ms="17095">
      <class name="testExecutionSuite.TestExecute">
        <test-method is-config="true" signature="beforeTest()[pri:0, instance:testExecutionSuite.TestExecute@445b295b]" started-at="2025-05-10T00:16:32 IST" name="beforeTest" finished-at="2025-05-10T00:16:41 IST" duration-ms="9293" status="PASS">
          <reporter-output>
          </reporter-output>
        </test-method> <!-- beforeTest -->
        <test-method signature="Testing()[pri:0, instance:testExecutionSuite.TestExecute@445b295b]" started-at="2025-05-10T00:16:41 IST" name="Testing" finished-at="2025-05-10T00:16:49 IST" duration-ms="7747" status="PASS">
          <reporter-output>
          </reporter-output>
        </test-method> <!-- Testing -->
        <test-method is-config="true" signature="afterTest()[pri:0, instance:testExecutionSuite.TestExecute@445b295b]" started-at="2025-05-10T00:16:49 IST" name="afterTest" finished-at="2025-05-10T00:16:49 IST" duration-ms="0" status="PASS">
          <reporter-output>
          </reporter-output>
        </test-method> <!-- afterTest -->
      </class> <!-- testExecutionSuite.TestExecute -->
    </test> <!-- Default test -->
  </suite> <!-- Default suite -->
</testng-results>
